<?xml version="1.0" encoding="UTF-8"?>
<testsuite name="AnalyzerTests" tests="1" skipped="0" failures="0" errors="0" timestamp="2023-01-17T20:37:02" hostname="TI02" time="0.021">
  <properties/>
  <testcase name="scanTest()" classname="AnalyzerTests" time="0.021"/>
  <system-out><![CDATA[]]></system-out>
  <system-err><![CDATA[]]></system-err>
</testsuite>
